[    0.000000] Linux version 4.15.0-121-generic (buildd@lgw01-amd64-034) (gcc version 7.5.0 (Ubuntu 7.5.0-3ubuntu1~18.04)) #123-Ubuntu SMP Mon Oct 5 16:16:40 UTC 2020 (Ubuntu 4.15.0-121.123-generic 4.15.18)
[    0.000000] Command line: BOOT_IMAGE=/boot/vmlinuz-4.15.0-121-generic root=LABEL=cloudimg-rootfs ro console=tty1 console=ttyS0
[    0.000000] KERNEL supported cpus:
[    0.000000]   Intel GenuineIntel
[    0.000000]   AMD AuthenticAMD
[    0.000000]   Centaur CentaurHauls
[    0.000000] x86/fpu: Supporting XSAVE feature 0x001: 'x87 floating point registers'
[    0.000000] x86/fpu: Supporting XSAVE feature 0x002: 'SSE registers'
[    0.000000] x86/fpu: Supporting XSAVE feature 0x004: 'AVX registers'
[    0.000000] x86/fpu: xstate_offset[2]:  576, xstate_sizes[2]:  256
[    0.000000] x86/fpu: Enabled xstate features 0x7, context size is 832 bytes, using 'standard' format.
[    0.000000] e820: BIOS-provided physical RAM map:
[    0.000000] BIOS-e820: [mem 0x0000000000000000-0x000000000009fbff] usable
[    0.000000] BIOS-e820: [mem 0x000000000009fc00-0x000000000009ffff] reserved
[    0.000000] BIOS-e820: [mem 0x00000000000f0000-0x00000000000fffff] reserved
[    0.000000] BIOS-e820: [mem 0x0000000000100000-0x000000003ffeffff] usable
[    0.000000] BIOS-e820: [mem 0x000000003fff0000-0x000000003fffffff] ACPI data
[    0.000000] BIOS-e820: [mem 0x00000000fec00000-0x00000000fec00fff] reserved
[    0.000000] BIOS-e820: [mem 0x00000000fee00000-0x00000000fee00fff] reserved
[    0.000000] BIOS-e820: [mem 0x00000000fffc0000-0x00000000ffffffff] reserved
[    0.000000] NX (Execute Disable) protection: active
[    0.000000] SMBIOS 2.5 present.
[    0.000000] DMI: innotek GmbH VirtualBox/VirtualBox, BIOS VirtualBox 12/01/2006
[    0.000000] Hypervisor detected: KVM
[    0.000000] e820: last_pfn = 0x3fff0 max_arch_pfn = 0x400000000
[    0.000000] MTRR: Disabled
[    0.000000] x86/PAT: MTRRs disabled, skipping PAT initialization too.
[    0.000000] CPU MTRRs all blank - virtualized system.
[    0.000000] x86/PAT: Configuration [0-7]: WB  WT  UC- UC  WB  WT  UC- UC  
[    0.000000] found SMP MP-table at [mem 0x0009fff0-0x0009ffff]
[    0.000000] Scanning 1 areas for low memory corruption
[    0.000000] RAMDISK: [mem 0x35a63000-0x36d28fff]
[    0.000000] ACPI: Early table checksum verification disabled
[    0.000000] ACPI: RSDP 0x00000000000E0000 000024 (v02 VBOX  )
[    0.000000] ACPI: XSDT 0x000000003FFF0030 00003C (v01 VBOX   VBOXXSDT 00000001 ASL  00000061)
[    0.000000] ACPI: FACP 0x000000003FFF00F0 0000F4 (v04 VBOX   VBOXFACP 00000001 ASL  00000061)
[    0.000000] ACPI: DSDT 0x000000003FFF0470 002325 (v02 VBOX   VBOXBIOS 00000002 INTL 20100528)
[    0.000000] ACPI: FACS 0x000000003FFF0200 000040
[    0.000000] ACPI: FACS 0x000000003FFF0200 000040
[    0.000000] ACPI: APIC 0x000000003FFF0240 00005C (v02 VBOX   VBOXAPIC 00000001 ASL  00000061)
[    0.000000] ACPI: SSDT 0x000000003FFF02A0 0001CC (v01 VBOX   VBOXCPUT 00000002 INTL 20100528)
[    0.000000] No NUMA configuration found
[    0.000000] Faking a node at [mem 0x0000000000000000-0x000000003ffeffff]
[    0.000000] NODE_DATA(0) allocated [mem 0x3ffc5000-0x3ffeffff]
[    0.000000] kvm-clock: cpu 0, msr 0:3ff44001, primary cpu clock
[    0.000000] kvm-clock: Using msrs 4b564d01 and 4b564d00
[    0.000000] kvm-clock: using sched offset of 3623541717 cycles
[    0.000000] clocksource: kvm-clock: mask: 0xffffffffffffffff max_cycles: 0x1cd42e4dffb, max_idle_ns: 881590591483 ns
[    0.000000] Zone ranges:
[    0.000000]   DMA      [mem 0x0000000000001000-0x0000000000ffffff]
[    0.000000]   DMA32    [mem 0x0000000001000000-0x000000003ffeffff]
[    0.000000]   Normal   empty
[    0.000000]   Device   empty
[    0.000000] Movable zone start for each node
[    0.000000] Early memory node ranges
[    0.000000]   node   0: [mem 0x0000000000001000-0x000000000009efff]
[    0.000000]   node   0: [mem 0x0000000000100000-0x000000003ffeffff]
[    0.000000] Reserved but unavailable: 98 pages
[    0.000000] Initmem setup node 0 [mem 0x0000000000001000-0x000000003ffeffff]
[    0.000000] ACPI: PM-Timer IO Port: 0x4008
[    0.000000] IOAPIC[0]: apic_id 2, version 32, address 0xfec00000, GSI 0-23
[    0.000000] ACPI: INT_SRC_OVR (bus 0 bus_irq 0 global_irq 2 dfl dfl)
[    0.000000] ACPI: INT_SRC_OVR (bus 0 bus_irq 9 global_irq 9 low level)
[    0.000000] Using ACPI (MADT) for SMP configuration information
[    0.000000] smpboot: Allowing 2 CPUs, 0 hotplug CPUs
[    0.000000] PM: Registered nosave memory: [mem 0x00000000-0x00000fff]
[    0.000000] PM: Registered nosave memory: [mem 0x0009f000-0x0009ffff]
[    0.000000] PM: Registered nosave memory: [mem 0x000a0000-0x000effff]
[    0.000000] PM: Registered nosave memory: [mem 0x000f0000-0x000fffff]
[    0.000000] e820: [mem 0x40000000-0xfebfffff] available for PCI devices
[    0.000000] Booting paravirtualized kernel on KVM
[    0.000000] clocksource: refined-jiffies: mask: 0xffffffff max_cycles: 0xffffffff, max_idle_ns: 7645519600211568 ns
[    0.000000] random: get_random_bytes called from start_kernel+0x99/0x500 with crng_init=0
[    0.000000] setup_percpu: NR_CPUS:8192 nr_cpumask_bits:2 nr_cpu_ids:2 nr_node_ids:1
[    0.000000] percpu: Embedded 45 pages/cpu s147456 r8192 d28672 u1048576
[    0.000000] PV qspinlock hash table entries: 256 (order: 0, 4096 bytes)
[    0.000000] Built 1 zonelists, mobility grouping on.  Total pages: 257913
[    0.000000] Policy zone: DMA32
[    0.000000] Kernel command line: BOOT_IMAGE=/boot/vmlinuz-4.15.0-121-generic root=LABEL=cloudimg-rootfs ro console=tty1 console=ttyS0
[    0.000000] Memory: 983024K/1048120K available (12300K kernel code, 2482K rwdata, 4272K rodata, 2436K init, 2724K bss, 65096K reserved, 0K cma-reserved)
[    0.000000] SLUB: HWalign=64, Order=0-3, MinObjects=0, CPUs=2, Nodes=1
[    0.000000] ftrace: allocating 39402 entries in 154 pages
[    0.004000] Hierarchical RCU implementation.
[    0.004000] 	RCU restricting CPUs from NR_CPUS=8192 to nr_cpu_ids=2.
[    0.004000] 	Tasks RCU enabled.
[    0.004000] RCU: Adjusting geometry for rcu_fanout_leaf=16, nr_cpu_ids=2
[    0.004000] NR_IRQS: 524544, nr_irqs: 440, preallocated irqs: 16
[    0.004000] Console: colour VGA+ 80x25
[    0.004000] console [tty1] enabled
[    0.004000] console [ttyS0] enabled
[    0.004000] ACPI: Core revision 20170831
[    0.004000] ACPI: 2 ACPI AML tables successfully acquired and loaded
[    0.004000] APIC: Switch to symmetric I/O mode setup
[    0.004000] x2apic enabled
[    0.004000] Switched APIC routing to physical x2apic.
[    0.004000] ..TIMER: vector=0x30 apic1=0 pin1=2 apic2=-1 pin2=-1
[    0.004004] tsc: Detected 2592.004 MHz processor
[    0.004830] Calibrating delay loop (skipped) preset value.. 5184.00 BogoMIPS (lpj=10368016)
[    0.005399] pid_max: default: 32768 minimum: 301
[    0.008022] Security Framework initialized
[    0.008639] Yama: becoming mindful.
[    0.009109] AppArmor: AppArmor initialized
[    0.012061] Dentry cache hash table entries: 131072 (order: 8, 1048576 bytes)
[    0.012970] Inode-cache hash table entries: 65536 (order: 7, 524288 bytes)
[    0.014384] Mount-cache hash table entries: 2048 (order: 2, 16384 bytes)
[    0.015310] Mountpoint-cache hash table entries: 2048 (order: 2, 16384 bytes)
[    0.016309] Last level iTLB entries: 4KB 64, 2MB 8, 4MB 8
[    0.017094] Last level dTLB entries: 4KB 64, 2MB 0, 4MB 0, 1GB 4
[    0.017973] Spectre V1 : Mitigation: usercopy/swapgs barriers and __user pointer sanitization
[    0.019175] Spectre V2 : Mitigation: Full generic retpoline
[    0.020001] Spectre V2 : Spectre v2 / SpectreRSB mitigation: Filling RSB on context switch
[    0.021149] Speculative Store Bypass: Vulnerable
[    0.022020] Freeing SMP alternatives memory: 36K
[    0.133590] smpboot: CPU0: Intel(R) Core(TM) i7-10750H CPU @ 2.60GHz (family: 0x6, model: 0xa5, stepping: 0x2)
[    0.135457] Performance Events: unsupported p6 CPU model 165 no PMU driver, software events only.
[    0.136031] Hierarchical SRCU implementation.
[    0.137697] NMI watchdog: Perf event create on CPU 0 failed with -2
[    0.138834] NMI watchdog: Perf NMI watchdog permanently disabled
[    0.139793] smp: Bringing up secondary CPUs ...
[    0.140199] x86: Booting SMP configuration:
[    0.140845] .... node  #0, CPUs:      #1
[    0.004000] kvm-clock: cpu 1, msr 0:3ff44041, secondary cpu clock
[    0.144125] smp: Brought up 1 node, 2 CPUs
[    0.145218] smpboot: Max logical packages: 1
[    0.145965] smpboot: Total of 2 processors activated (10368.01 BogoMIPS)
[    0.148105] devtmpfs: initialized
[    0.148683] x86/mm: Memory block size: 128MB
[    0.149566] evm: security.selinux
[    0.150100] evm: security.SMACK64
[    0.150620] evm: security.SMACK64EXEC
[    0.152003] evm: security.SMACK64TRANSMUTE
[    0.152627] evm: security.SMACK64MMAP
[    0.153372] evm: security.apparmor
[    0.153993] evm: security.ima
[    0.154470] evm: security.capability
[    0.156008] clocksource: jiffies: mask: 0xffffffff max_cycles: 0xffffffff, max_idle_ns: 7645041785100000 ns
[    0.157779] futex hash table entries: 512 (order: 3, 32768 bytes)
[    0.160000] pinctrl core: initialized pinctrl subsystem
[    0.164072] RTC time:  5:32:05, date: 12/12/20
[    0.164968] NET: Registered protocol family 16
[    0.165889] audit: initializing netlink subsys (disabled)
[    0.166814] audit: type=2000 audit(1607751131.206:1): state=initialized audit_enabled=0 res=1
[    0.168010] cpuidle: using governor ladder
[    0.168562] cpuidle: using governor menu
[    0.169431] ACPI: bus type PCI registered
[    0.170138] acpiphp: ACPI Hot Plug PCI Controller Driver version: 0.5
[    0.171041] PCI: Using configuration type 1 for base access
[    0.172841] HugeTLB registered 2.00 MiB page size, pre-allocated 0 pages
[    0.173064] ACPI: Added _OSI(Module Device)
[    0.173064] ACPI: Added _OSI(Processor Device)
[    0.176004] ACPI: Added _OSI(3.0 _SCP Extensions)
[    0.176740] ACPI: Added _OSI(Processor Aggregator Device)
[    0.177626] ACPI: Added _OSI(Linux-Dell-Video)
[    0.178218] ACPI: Added _OSI(Linux-Lenovo-NV-HDMI-Audio)
[    0.179253] ACPI: Added _OSI(Linux-HPI-Hybrid-Graphics)
[    0.180223] ACPI: Executed 1 blocks of module-level executable AML code
[    0.184899] ACPI: Interpreter enabled
[    0.185563] ACPI: (supports S0 S5)
[    0.186298] ACPI: Using IOAPIC for interrupt routing
[    0.187308] PCI: Using host bridge windows from ACPI; if necessary, use "pci=nocrs" and report a bug
[    0.188179] ACPI: Enabled 2 GPEs in block 00 to 07
[    0.194745] ACPI: PCI Root Bridge [PCI0] (domain 0000 [bus 00-ff])
[    0.196007] acpi PNP0A03:00: _OSC: OS supports [ASPM ClockPM Segments MSI]
[    0.197574] acpi PNP0A03:00: _OSC: not requesting OS control; OS requires [ExtendedConfig ASPM ClockPM MSI]
[    0.199096] acpi PNP0A03:00: fail to add MMCONFIG information, can't access extended PCI configuration space under this bridge.
[    0.200359] PCI host bridge to bus 0000:00
[    0.201006] pci_bus 0000:00: root bus resource [io  0x0000-0x0cf7 window]
[    0.202131] pci_bus 0000:00: root bus resource [io  0x0d00-0xffff window]
[    0.204020] pci_bus 0000:00: root bus resource [mem 0x000a0000-0x000bffff window]
[    0.205323] pci_bus 0000:00: root bus resource [mem 0x40000000-0xfdffffff window]
[    0.206540] pci_bus 0000:00: root bus resource [bus 00-ff]
[    0.209953] pci 0000:00:01.1: legacy IDE quirk: reg 0x10: [io  0x01f0-0x01f7]
[    0.211078] pci 0000:00:01.1: legacy IDE quirk: reg 0x14: [io  0x03f6]
[    0.212003] pci 0000:00:01.1: legacy IDE quirk: reg 0x18: [io  0x0170-0x0177]
[    0.213120] pci 0000:00:01.1: legacy IDE quirk: reg 0x1c: [io  0x0376]
[    0.227437] pci 0000:00:07.0: quirk: [io  0x4000-0x403f] claimed by PIIX4 ACPI
[    0.228025] pci 0000:00:07.0: quirk: [io  0x4100-0x410f] claimed by PIIX4 SMB
[    0.239164] ACPI: PCI Interrupt Link [LNKA] (IRQs 5 9 10 *11)
[    0.240571] ACPI: PCI Interrupt Link [LNKB] (IRQs 5 9 *10 11)
[    0.241923] ACPI: PCI Interrupt Link [LNKC] (IRQs 5 *9 10 11)
[    0.243256] ACPI: PCI Interrupt Link [LNKD] (IRQs 5 9 10 *11)
[    0.244391] SCSI subsystem initialized
[    0.245366] pci 0000:00:02.0: vgaarb: setting as boot VGA device
[    0.245366] pci 0000:00:02.0: vgaarb: VGA device added: decodes=io+mem,owns=io+mem,locks=none
[    0.248005] pci 0000:00:02.0: vgaarb: bridge control possible
[    0.249000] vgaarb: loaded
[    0.249613] ACPI: bus type USB registered
[    0.250418] usbcore: registered new interface driver usbfs
[    0.252012] usbcore: registered new interface driver hub
[    0.252999] usbcore: registered new device driver usb
[    0.253968] EDAC MC: Ver: 3.0.0
[    0.253968] PCI: Using ACPI for IRQ routing
[    0.256284] NetLabel: Initializing
[    0.256927] NetLabel:  domain hash size = 128
[    0.257679] NetLabel:  protocols = UNLABELED CIPSOv4 CALIPSO
[    0.258698] NetLabel:  unlabeled traffic allowed by default
[    0.260068] clocksource: Switched to clocksource kvm-clock
[    0.278916] VFS: Disk quotas dquot_6.6.0
[    0.279917] VFS: Dquot-cache hash table entries: 512 (order 0, 4096 bytes)
[    0.281045] AppArmor: AppArmor Filesystem Enabled
[    0.281813] pnp: PnP ACPI init
[    0.283210] pnp: PnP ACPI: found 3 devices
[    0.294060] clocksource: acpi_pm: mask: 0xffffff max_cycles: 0xffffff, max_idle_ns: 2085701024 ns
[    0.296296] NET: Registered protocol family 2
[    0.297263] TCP established hash table entries: 8192 (order: 4, 65536 bytes)
[    0.301276] TCP bind hash table entries: 8192 (order: 5, 131072 bytes)
[    0.302459] TCP: Hash tables configured (established 8192 bind 8192)
[    0.304071] UDP hash table entries: 512 (order: 2, 16384 bytes)
[    0.305100] UDP-Lite hash table entries: 512 (order: 2, 16384 bytes)
[    0.306336] NET: Registered protocol family 1
[    0.307181] pci 0000:00:00.0: Limiting direct PCI/PCI transfers
[    0.308239] pci 0000:00:01.0: Activating ISA DMA hang workarounds
[    0.309330] pci 0000:00:02.0: Video device with shadowed ROM at [mem 0x000c0000-0x000dffff]
[    0.310898] Unpacking initramfs...
[    0.623268] Freeing initrd memory: 19224K
[    0.624764] clocksource: tsc: mask: 0xffffffffffffffff max_cycles: 0x255cbae350f, max_idle_ns: 440795327587 ns
[    0.627432] platform rtc_cmos: registered platform RTC device (no PNP device found)
[    0.628991] Scanning for low memory corruption every 60 seconds
[    0.631034] Initialise system trusted keyrings
[    0.631923] Key type blacklist registered
[    0.632916] workingset: timestamp_bits=36 max_order=18 bucket_order=0
[    0.635081] zbud: loaded
[    0.636402] squashfs: version 4.0 (2009/01/31) Phillip Lougher
[    0.638160] fuse init (API version 7.26)
[    0.641392] Key type asymmetric registered
[    0.642211] Asymmetric key parser 'x509' registered
[    0.643164] Block layer SCSI generic (bsg) driver version 0.4 loaded (major 246)
[    0.644903] io scheduler noop registered
[    0.646008] io scheduler deadline registered
[    0.647032] io scheduler cfq registered (default)
[    0.648654] ACPI: AC Adapter [AC] (on-line)
[    0.653008] input: Power Button as /devices/LNXSYSTM:00/LNXPWRBN:00/input/input0
[    0.655034] ACPI: Power Button [PWRF]
[    0.656012] input: Sleep Button as /devices/LNXSYSTM:00/LNXSLPBN:00/input/input1
[    0.657696] ACPI: Sleep Button [SLPF]
[    0.659838] ACPI: Battery Slot [BAT0] (battery present)
[    0.661118] Serial: 8250/16550 driver, 32 ports, IRQ sharing enabled
[    0.683257] 00:02: ttyS0 at I/O 0x3f8 (irq = 4, base_baud = 115200) is a 16550A
[    0.688553] Linux agpgart interface v0.103
[    0.691135] loop: module loaded
[    0.692610] scsi host0: ata_piix
[    0.693497] scsi host1: ata_piix
[    0.694278] ata1: PATA max UDMA/33 cmd 0x1f0 ctl 0x3f6 bmdma 0xd000 irq 14
[    0.696092] ata2: PATA max UDMA/33 cmd 0x170 ctl 0x376 bmdma 0xd008 irq 15
[    0.697815] libphy: Fixed MDIO Bus: probed
[    0.698807] tun: Universal TUN/TAP device driver, 1.6
[    0.699885] PPP generic driver version 2.4.2
[    0.700935] ehci_hcd: USB 2.0 'Enhanced' Host Controller (EHCI) Driver
[    0.702177] ehci-pci: EHCI PCI platform driver
[    0.703264] ehci-platform: EHCI generic platform driver
[    0.704676] ohci_hcd: USB 1.1 'Open' Host Controller (OHCI) Driver
[    0.705955] ohci-pci: OHCI PCI platform driver
[    0.706927] ohci-platform: OHCI generic platform driver
[    0.707986] uhci_hcd: USB Universal Host Controller Interface driver
[    0.709283] i8042: PNP: PS/2 Controller [PNP0303:PS2K,PNP0f03:PS2M] at 0x60,0x64 irq 1,12
[    0.711338] serio: i8042 KBD port at 0x60,0x64 irq 1
[    0.712298] serio: i8042 AUX port at 0x60,0x64 irq 12
[    0.713752] mousedev: PS/2 mouse device common for all mice
[    0.715388] input: AT Translated Set 2 keyboard as /devices/platform/i8042/serio0/input/input2
[    0.717029] rtc_cmos rtc_cmos: rtc core: registered rtc_cmos as rtc0
[    0.718288] rtc_cmos rtc_cmos: alarms up to one day, 114 bytes nvram
[    0.719423] i2c /dev entries driver
[    0.720332] device-mapper: uevent: version 1.0.3
[    0.721371] device-mapper: ioctl: 4.37.0-ioctl (2017-09-20) initialised: dm-devel@redhat.com
[    0.723016] ledtrig-cpu: registered to indicate activity on CPUs
[    0.724760] NET: Registered protocol family 10
[    0.729077] Segment Routing with IPv6
[    0.729857] NET: Registered protocol family 17
[    0.730693] Key type dns_resolver registered
[    0.731532] mce: Using 0 MCE banks
[    0.732077] RAS: Correctable Errors collector initialized.
[    0.733011] sched_clock: Marking stable (732994049, 0)->(876834943, -143840894)
[    0.734575] registered taskstats version 1
[    0.735360] Loading compiled-in X.509 certificates
[    0.738646] Loaded X.509 cert 'Build time autogenerated kernel key: 517b2180bafe62ad6f81db3336688475b28504c0'
[    0.740355] zswap: loaded using pool lzo/zbud
[    0.743610] Key type big_key registered
[    0.744354] Key type trusted registered
[    0.746477] Key type encrypted registered
[    0.747152] AppArmor: AppArmor sha1 policy hashing enabled
[    0.748054] ima: No TPM chip found, activating TPM-bypass! (rc=-19)
[    0.749029] ima: Allocated hash algorithm: sha1
[    0.749688] evm: HMAC attrs: 0x1
[    0.750470]   Magic number: 0:943:516
[    0.751131] rtc_cmos rtc_cmos: setting system clock to 2020-12-12 05:32:06 UTC (1607751126)
[    0.752606] BIOS EDD facility v0.16 2004-Jun-25, 0 devices found
[    0.753460] EDD information not available.
[    0.923074] Freeing unused kernel image memory: 2436K
[    1.218634] Write protecting the kernel read-only data: 20480k
[    1.220980] Freeing unused kernel image memory: 2008K
[    1.222238] Freeing unused kernel image memory: 1872K
[    1.231049] x86/mm: Checked W+X mappings: passed, no W+X pages found.
Loading, please wait...
starting version 237
[    1.290359] Fusion MPT base driver 3.04.20
[    1.291483] Copyright (c) 1999-2008 LSI Corporation
[    1.293011] e1000: Intel(R) PRO/1000 Network Driver - version 7.3.21-k8-NAPI
[    1.294377] e1000: Copyright (c) 1999-2006 Intel Corporation.
[    1.299584] Fusion MPT SPI Host driver 3.04.20
[    1.314581] AVX2 version of gcm_enc/dec engaged.
[    1.315617] AES CTR mode by8 optimization enabled
[    1.521078] input: ImExPS/2 Generic Explorer Mouse as /devices/platform/i8042/serio1/input/input4
[    1.677502] e1000 0000:00:03.0 eth0: (PCI:33MHz:32-bit) 02:c6:b0:25:69:cb
[    1.679450] e1000 0000:00:03.0 eth0: Intel(R) PRO/1000 Network Connection
[    1.681111] mptbase: ioc0: Initiating bringup
[    1.777102] ioc0: LSI53C1030 A0: Capabilities={Initiator}
[    2.019754] scsi host2: ioc0: LSI53C1030 A0, FwRev=00000000h, Ports=1, MaxQ=256, IRQ=20
[    2.188460] scsi 2:0:0:0: Direct-Access     VBOX     HARDDISK         1.0  PQ: 0 ANSI: 5
[    2.216315] scsi target2:0:0: Beginning Domain Validation
[    2.220156] scsi target2:0:0: Domain Validation skipping write tests
[    2.221415] scsi target2:0:0: Ending Domain Validation
[    2.222467] scsi target2:0:0: asynchronous
[    2.223676] scsi 2:0:1:0: Direct-Access     VBOX     HARDDISK         1.0  PQ: 0 ANSI: 5
[    2.269059] scsi target2:0:1: Beginning Domain Validation
[    2.296903] random: fast init done
[    2.297804] scsi target2:0:1: Domain Validation skipping write tests
[    2.298881] scsi target2:0:1: Ending Domain Validation
[    2.299821] scsi target2:0:1: asynchronous
[    2.305680] random: systemd-udevd: uninitialized urandom read (16 bytes read)
[    2.307273] random: systemd-udevd: uninitialized urandom read (16 bytes read)
[    2.308811] random: systemd-udevd: uninitialized urandom read (16 bytes read)
[    2.310492] sd 2:0:0:0: Attached scsi generic sg0 type 0
[    2.312112] sd 2:0:1:0: Attached scsi generic sg1 type 0
[    2.314111] sd 2:0:0:0: [sda] 20971520 512-byte logical blocks: (10.7 GB/10.0 GiB)
[    2.315895] sd 2:0:0:0: [sda] Write Protect is off
[    2.317162] sd 2:0:0:0: [sda] Incomplete mode parameter data
[    2.318379] sd 2:0:0:0: [sda] Assuming drive cache: write through
[    2.325214] sd 2:0:1:0: [sdb] 20480 512-byte logical blocks: (10.5 MB/10.0 MiB)
[    2.326889]  sda: sda1
[    2.327478] sd 2:0:1:0: [sdb] Write Protect is off
[    2.328784] sd 2:0:1:0: [sdb] Incomplete mode parameter data
[    2.330107] sd 2:0:1:0: [sdb] Assuming drive cache: write through
[    2.332225] sd 2:0:0:0: [sda] Attached SCSI disk
[    2.335708] sd 2:0:1:0: [sdb] Attached SCSI disk
[    2.576291] e1000 0000:00:08.0 eth1: (PCI:33MHz:32-bit) 08:00:27:f5:dd:a0
[    2.577914] e1000 0000:00:08.0 eth1: Intel(R) PRO/1000 Network Connection
[    2.580983] e1000 0000:00:03.0 enp0s3: renamed from eth0
[    2.600429] e1000 0000:00:08.0 enp0s8: renamed from eth1
Begin: Loading essential drivers ... [    4.052070] raid6: sse2x1   gen() 12346 MB/s
[    4.100400] raid6: sse2x1   xor()  7148 MB/s
[    4.148677] raid6: sse2x2   gen() 15327 MB/s
[    4.196548] raid6: sse2x2   xor()  9518 MB/s
[    4.244014] raid6: sse2x4   gen() 15838 MB/s
[    4.292683] raid6: sse2x4   xor() 10082 MB/s
[    4.340497] raid6: avx2x1   gen() 20570 MB/s
[    4.388365] raid6: avx2x1   xor() 14021 MB/s
[    4.436118] raid6: avx2x2   gen() 26631 MB/s
[    4.484022] raid6: avx2x2   xor() 18860 MB/s
[    4.532256] raid6: avx2x4   gen() 27029 MB/s
[    4.580141] raid6: avx2x4   xor() 17753 MB/s
[    4.581124] raid6: using algorithm avx2x4 gen() 27029 MB/s
[    4.582232] raid6: .... xor() 17753 MB/s, rmw enabled
[    4.583074] raid6: using avx2x2 recovery algorithm
[    4.585067] xor: automatically using best checksumming function   avx       
[    4.588504] async_tx: api initialized (async)
done.
Begin: Running /scripts/init-premount ... done.
Begin: Mounting root file system ... Begin: Running /scripts/local-top ... done.
Begin: Running /scripts/local-premount ... [    4.633630] Btrfs loaded, crc32c=crc32c-intel
Scanning for Btrfs filesystems
done.
Warning: fsck not present, so skipping root file system
[    4.661412] EXT4-fs (sda1): mounted filesystem with ordered data mode. Opts: (null)
done.
Begin: Running /scripts/local-bottom ... done.
Begin: Running /scripts/init-bottom ... done.
[    4.823921] ip_tables: (C) 2000-2006 Netfilter Core Team
[    4.832597] systemd[1]: systemd 237 running in system mode. (+PAM +AUDIT +SELINUX +IMA +APPARMOR +SMACK +SYSVINIT +UTMP +LIBCRYPTSETUP +GCRYPT +GNUTLS +ACL +XZ +LZ4 +SECCOMP +BLKID +ELFUTILS +KMOD -IDN2 +IDN -PCRE2 default-hierarchy=hybrid)
[    4.837067] systemd[1]: Detected virtualization oracle.
[    4.838552] systemd[1]: Detected architecture x86-64.

Welcome to [1mUbuntu 18.04.5 LTS[0m!

[    4.845426] systemd[1]: Set hostname to <ubuntu>.
[    4.850043] systemd[1]: Initializing machine ID from random generator.
[    4.851344] systemd[1]: Installed transient /etc/machine-id file.
[    5.089332] systemd[1]: Set up automount Arbitrary Executable File Formats File System Automount Point.
[[0;32m  OK  [0m] Set up automount Arbitrary Executab…rmats File System Automount Point.
[    5.092382] systemd[1]: Reached target Swap.
[[0;32m  OK  [0m] Reached target Swap.
[    5.095564] systemd[1]: Created slice System Slice.
[[0;32m  OK  [0m] Created slice System Slice.
[    5.097294] systemd[1]: Listening on Journal Socket (/dev/log).
[[0;32m  OK  [0m] Listening on Journal Socket (/dev/log).
[[0;32m  OK  [0m] Listening on Syslog Socket.
[[0;32m  OK  [0m] Reached target System Time Synchronized.
[[0;32m  OK  [0m] Listening on LVM2 metadata daemon socket.
[[0;32m  OK  [0m] Reached target User and Group Name Lookups.
[[0;32m  OK  [0m] Listening on Journal Audit Socket.
[[0;32m  OK  [0m] Created slice User and Session Slice.
[[0;32m  OK  [0m] Listening on /dev/initctl Compatibility Named Pipe.
[[0;32m  OK  [0m] Listening on Device-mapper event daemon FIFOs.
[[0;32m  OK  [0m] Listening on Network Service Netlink Socket.
[[0;32m  OK  [0m] Created slice system-serial\x2dgetty.slice.
[[0;32m  OK  [0m] Reached target Slices.
[[0;32m  OK  [0m] Listening on LVM2 poll daemon socket.
[[0;32m  OK  [0m] Listening on Journal Socket.
         Starting Remount Root and Kernel File Systems...
         Starting Journal Service...
         Starting Monitoring of LVM2 mirrors…ng dmeventd or progress polling...
         Starting Set the console keyboard layout...
         Mounting POSIX Message Queue File System...
         Starting Load Kernel Modules...
         Mounting Huge Pages File System...
         Starting Uncomplicated firewall...
[[0;32m  OK  [0m] Listening on udev Kernel Socket.
[[0;32m  OK  [0m] Listening on udev Control Socket.
         Starting udev Coldplug all Devices...
[[0;32m  OK  [0m] Started Forward Password Requests to Wall Directory Watch.
         Mounting Kernel Debug File System...
         Starting Create list of required st…ce nodes for the current kernel...
[[0;32m  OK  [0m] Started LVM2 metadata daemon.
[[0;32m  OK  [0m] Started Journal Service.
[    5.219805] Loading iSCSI transport class v2.0-870.
[[0;32m  OK  [0m] Started Uncomplicated firewall.
[[0;32m  OK  [0m] Started Create list of required sta…vice nodes for the current kernel.
[    5.257080] EXT4-fs (sda1): re-mounted. Opts: (null)
[[0;32m  OK  [0m] Mounted POSIX Message Queue File System.
[[0;32m  OK  [0m] Mounted Huge Pages File System.
[[0;32m  OK  [0m] Started Remount Root and Kernel File Systems.
[[0;32m  OK  [0m] Mounted Kernel Debug File System.
[    5.272732] iscsi: registered transport (tcp)
[[0;32m  OK  [0m] Started udev Coldplug all Devices.
         Starting Load/Save Random Seed...
         Starting Flush Journal to Persistent Storage...
         Starting Create Static Device Nodes in /dev...
[[0;32m  OK  [0m] Started Monitoring of LVM2 mirrors,…sing dmeventd or progress polling.
[    5.311857] iscsi: registered transport (iser)
[[0;32m  OK  [0m] Started Load Kernel Modules.
         Starting Apply Kernel Variables...
         Mounting FUSE Control File System...
         Mounting Kernel Configuration File System...
[[0;32m  OK  [0m] Mounted FUSE Control File System.
[[0;32m  OK  [0m] Mounted Kernel Configuration File System.
[[0;32m  OK  [0m] Started Load/Save Random Seed.
[    5.332713] systemd-journald[392]: Received request to flush runtime journal from PID 1
[[0;32m  OK  [0m] Started Apply Kernel Variables.
[[0;32m  OK  [0m] Started Flush Journal to Persistent Storage.
[[0;32m  OK  [0m] Started Create Static Device Nodes in /dev.
         Starting udev Kernel Device Manager...
[[0;32m  OK  [0m] Started Set the console keyboard layout.
[[0;32m  OK  [0m] Reached target Local File Systems (Pre).
[[0;32m  OK  [0m] Reached target Local File Systems.
         Starting Commit a transient machine-id on disk...
         Starting Tell Plymouth To Write Out Runtime Data...
         Starting ebtables ruleset management...
         Starting Create Volatile Files and Directories...
         Starting Set console font and keymap...
         Starting AppArmor initialization...
[[0;32m  OK  [0m] Started udev Kernel Device Manager.
[[0;32m  OK  [0m] Started Dispatch Password Requests to Console Directory Watch.
[[0;32m  OK  [0m] Reached target Local Encrypted Volumes.
[[0;32m  OK  [0m] Started Tell Plymouth To Write Out Runtime Data.
[[0;32m  OK  [0m] Started Set console font and keymap.
[[0;32m  OK  [0m] Started Create Volatile Files and Directories.
         Starting Update UTMP about System Boot/Shutdown...
[[0;32m  OK  [0m] Started Update UTMP about System Boot/Shutdown.
[[0;32m  OK  [0m] Started Commit a transient machine-id on disk.
[[0;32m  OK  [0m] Started ebtables ruleset management.
[[0;32m  OK  [0m] Found device /dev/ttyS0.
[[0;32m  OK  [0m] Listening on Load/Save RF Kill Switch Status /dev/rfkill Watch.
[[0;32m  OK  [0m] Started AppArmor initialization.
         Starting Load AppArmor profiles managed internally by snapd...
         Starting Initial cloud-init job (pre-networking)...
[[0;32m  OK  [0m] Started Load AppArmor profiles managed internally by snapd.
[    7.390126] cloud-init[568]: Cloud-init v. 20.3-2-g371b392c-0ubuntu1~18.04.1 running 'init-local' at Sat, 12 Dec 2020 05:32:12 +0000. Up 7.07 seconds.
[[0;32m  OK  [0m] Started Initial cloud-init job (pre-networking).
[[0;32m  OK  [0m] Reached target Network (Pre).
         Starting Network Service...
[[0;32m  OK  [0m] Started Network Service.
         Starting Wait for Network to be Configured...
         Starting Network Name Resolution...
[[0;32m  OK  [0m] Started Network Name Resolution.
[[0;32m  OK  [0m] Reached target Network.
[[0;32m  OK  [0m] Reached target Host and Network Name Lookups.
[[0;32m  OK  [0m] Started Wait for Network to be Configured.
         Starting Initial cloud-init job (metadata service crawler)...
[    9.062596] cloud-init[688]: Cloud-init v. 20.3-2-g371b392c-0ubuntu1~18.04.1 running 'init' at Sat, 12 Dec 2020 05:32:14 +0000. Up 8.94 seconds.
[    9.064031] cloud-init[688]: ci-info: ++++++++++++++++++++++++++++++++++++++Net device info+++++++++++++++++++++++++++++++++++++++
[    9.065751] cloud-init[688]: ci-info: +--------+-------+----------------------------+---------------+--------+-------------------+
[    9.067401] cloud-init[688]: ci-info: | Device |   Up  |          Address           |      Mask     | Scope  |     Hw-Address    |
[    9.069107] cloud-init[688]: ci-info: +--------+-------+----------------------------+---------------+--------+-------------------+
[    9.070637] cloud-init[688]: ci-info: | enp0s3 |  True |         10.0.2.15          | 255.255.255.0 | global | 02:c6:b0:25:69:cb |
[    9.072209] cloud-init[688]: ci-info: | enp0s3 |  True | fe80::c6:b0ff:fe25:69cb/64 |       .       |  link  | 02:c6:b0:25:69:cb |
[    9.073775] cloud-init[688]: ci-info: | enp0s8 | False |             .              |       .       |   .    | 08:00:27:f5:dd:a0 |
[    9.075447] cloud-init[688]: ci-info: |   lo   |  True |         127.0.0.1          |   255.0.0.0   |  host  |         .         |
[    9.077177] cloud-init[688]: ci-info: |   lo   |  True |          ::1/128           |       .       |  host  |         .         |
[    9.078927] cloud-init[688]: ci-info: +--------+-------+----------------------------+---------------+--------+-------------------+
[    9.080588] cloud-init[688]: ci-info: ++++++++++++++++++++++++++++Route IPv4 info+++++++++++++++++++++++++++++
[    9.081935] cloud-init[688]: ci-info: +-------+-------------+----------+-----------------+-----------+-------+
[    9.083319] cloud-init[688]: ci-info: | Route | Destination | Gateway  |     Genmask     | Interface | Flags |
[    9.084738] cloud-init[688]: ci-info: +-------+-------------+----------+-----------------+-----------+-------+
[    9.086291] cloud-init[688]: ci-info: |   0   |   0.0.0.0   | 10.0.2.2 |     0.0.0.0     |   enp0s3  |   UG  |
[    9.087755] cloud-init[688]: ci-info: |   1   |   10.0.2.0  | 0.0.0.0  |  255.255.255.0  |   enp0s3  |   U   |
[    9.089161] cloud-init[688]: ci-info: |   2   |   10.0.2.2  | 0.0.0.0  | 255.255.255.255 |   enp0s3  |   UH  |
[    9.090575] cloud-init[688]: ci-info: +-------+-------------+----------+-----------------+-----------+-------+
[    9.091970] cloud-init[688]: ci-info: +++++++++++++++++++Route IPv6 info+++++++++++++++++++
[    9.093186] cloud-init[688]: ci-info: +-------+-------------+---------+-----------+-------+
[    9.094393] cloud-init[688]: ci-info: | Route | Destination | Gateway | Interface | Flags |
[    9.095733] cloud-init[688]: ci-info: +-------+-------------+---------+-----------+-------+
[    9.096957] cloud-init[688]: ci-info: |   1   |  fe80::/64  |    ::   |   enp0s3  |   U   |
[    9.098146] cloud-init[688]: ci-info: |   3   |    local    |    ::   |   enp0s3  |   U   |
[    9.099266] cloud-init[688]: ci-info: |   4   |   ff00::/8  |    ::   |   enp0s3  |   U   |
[    9.100484] cloud-init[688]: ci-info: +-------+-------------+---------+-----------+-------+
[    9.716150] cloud-init[688]: Generating public/private rsa key pair.
[    9.716824] cloud-init[688]: Your identification has been saved in /etc/ssh/ssh_host_rsa_key.
[    9.728873] cloud-init[688]: Your public key has been saved in /etc/ssh/ssh_host_rsa_key.pub.
[    9.740510] cloud-init[688]: The key fingerprint is:
[    9.740970] cloud-init[688]: SHA256:GACLeKbu3EYT44Zef7B/wu818CzI/VObsLfpNBGN69E root@ubuntu-bionic
[    9.742028] cloud-init[688]: The key's randomart image is:
[    9.742709] cloud-init[688]: +---[RSA 2048]----+
[    9.743233] cloud-init[688]: |  ...            |
[    9.743925] cloud-init[688]: |.. . .        o  |
[    9.757283] cloud-init[688]: [[0;32m  OK  [0m] Started Initial cloud-init job (metadata service crawler).
[[0;32m  OK  [0m] Reached target Network is Online.
|o +   .      o . |
         Starting Availability of block devices...
[[0;32m  OK  [0m] Reached target Remote File Systems (Pre).
[[0;32m  OK  [0m] Reached target Remote File Systems.
[[0;32m  OK  [0m] Reached target Cloud-config availability.
[[0;32m  OK  [0m] Reached target System Initialization.
[[0;32m  OK  [0m] Started Daily Cleanup of Temporary Directories.
[[0;32m  OK  [0m] Listening on UUID daemon activation socket.
[[0;32m  OK  [0m] Listening on Open-iSCSI iscsid Socket.
[[0;32m  OK  [0m] Listening on D-Bus System Message Bus Socket.
[    9.765572]          Starting Socket activation for snappy daemon.
[[0;32m  OK  [0m] Started Daily apt download activities.
[[0;32m  OK  [0m] Started Daily apt upgrade and clean activities.
[[0;32m  OK  [0m] Listening on ACPID Listen Socket.
cloud-init[[0;32m  OK  [0m] Started ACPI Events Check.
[[0;32m  OK  [0m] Started Message of the Day.
[[0;32m  OK  [0m] Started Discard unused blocks once a week.
[[0;32m  OK  [0m] Reached target Timers.
[688]: | + o   o      +  |         Starting LXD - unix socket.
[[0;32m  OK  [0m] Reached target Paths.
[[0;32m  OK  [0m] Started Availability of block devices.
[[0;32m  OK  [0m] Listening on Socket activation for snappy daemon.

[    9.806065] cloud-init[688]: |. o o . S.   + E |
[    9.806836] cloud-init[688]: |.. * .. o +...o  |
[    9.807517] cloud-init[688]: |..+ o +o o =++o  |
[    9.808305] cloud-init[688]: |o... o + .+oo+o  |
[    9.809061] cloud-init[688]: | o..  o.=o .++.  |
[[0;32m  OK  [0m] Listening on LXD - unix socket.
[    9.825089] [[0;32m  OK  [0m] Reached target Sockets.
[[0;32m  OK  [0m] Reached target Basic System.
cloud-init[688]: +----[SHA256]-----+
[[0;32m  OK  [0m] Started Regular background program processing daemon.
[    9.837636] cloud-init[688]: Generating public/private dsa key pair.         
Starting Login Service...
[    9.839342] cloud-init[688]: Your identification has been saved in /etc/ssh/ssh_host_dsa_key.
[    9.841833] cloud-init[688]: Your public key has been saved in /etc/ssh/ssh_host_dsa_key.pub.
[    9.844925] cloud-init[688]: The key fingerprint is:
[    9.846295] cloud-init[688]: SHA256:+cyTjQtocHmg+kkFevJ9PhipZGYo2IS8d7NKaQ4DltA root@ubuntu-bionic
[    9.848822] cloud-init[688]: The key's randomart image is:
[    9.850220] cloud-init[688]: +---[DSA 1024]----+
[    9.852020] cloud-init[688]: |                 |
[    9.852967] cloud-init[688]: | .               |[[0;32m  OK  [0m] Started irqbalance daemon.

         Starting LXD - container startup/shutdown...
[    9.860803] [[0;32m  OK  [0m] Started FUSE filesystem for LXC.
[[0;32m  OK  [0m] Started D-Bus System Message Bus.
cloud-init[688]: |o.E . .          |
[    9.865790] cloud-init[688]: |o.o. o o .       |
[    9.866941] cloud-init[688]: |o=+.+ +.S        |
[    9.868462] cloud-init[688]: |=.o**Boo + +     |
[    9.869469] cloud-init[688]: | +oO+.*oo B .    |
[    9.870468] cloud-init[688]: |  *o.+.o.. o     |
[    9.871439] cloud-init[688]: |   o+   ...      |
[    9.872572] cloud-init[688]: +----[SHA256]-----+
[    9.873533] cloud-init[688]: Generating public/private ecdsa key pair.
[    9.874770] cloud-init[688]: Your identification has been saved in /etc/ssh/ssh_host_ecdsa_key.
[    9.876619] cloud-init[688]: Your public key has been saved in /etc/ssh/ssh_host_ecdsa_key.pub.
[    9.878174] cloud-init[688]: The key fingerprint is:
[    9.879507] cloud-init[688]: SHA256:xYdCn382JiYi8hhkWTy0UIiBjsJud+WIltfKHrHQwCI root@ubuntu-bionic
[    9.881061] cloud-init[688]: The key's randomart image is:
[    9.882112] cloud-init[688]: +---[ECDSA 256]---+
[    9.883070] cloud-init[688]: | ..o.=+ .        |
[    9.883998] cloud-init[688]: |. o .+oo o o     |
[    9.884990] cloud-init[688]: |E. o+ ... * .    |
[    9.886385] cloud-init[688]: |+o.oo  . o o     |
[    9.887351] cloud-init[688]: |o  .=o* S . + =  |
[    9.888364] cloud-init[688]: | o =.Oo+ . o = . |
[    9.889408] cloud-init[688]: |. o =oo          |
[    9.890391] cloud-init[688]: |     o.          |
[    9.891761] cloud-init[688]: |    ..           |
[    9.893320] cloud-init[688]: +----[SHA256]-----+
[    9.894319] cloud-init[688]: Generating public/private ed25519 key pair.
[    9.895759] cloud-init[688]: Your identification has been saved in /etc/ssh/ssh_host_ed25519_key.
[    9.897381] cloud-init[688]: Your public key has been saved in /etc/ssh/ssh_host_ed25519_key.pub.
[    9.899046] cloud-init[688]: The key fingerprint is:
[    9.900091] cloud-init[688]: SHA256:lIuL9lHhNDwiI/wV0tXqirVBmLskTWFfFuyCLsz13uI root@ubuntu-bionic
[    9.901800] cloud-init[688]: The key's randomart image is:
[    9.903818] cloud-init[688]: +--[ED25519 256]--+
[    9.904736] cloud-init[688]: |    ...ooo       |
[    9.905777] cloud-init[688]: | .  o..o+..      |
[    9.906479] cloud-init[688]: |  o.o*o+O.       |
[    9.907306] cloud-init[688]: |   o*++*o=       |
[    9.908459] cloud-init[688]: | o =.+.oS        |
[    9.909340] cloud-init[688]: |  = =.+o.        |
[    9.910112] cloud-init[688]: |   +o=o=         |
[    9.910934] cloud-init[688]: |   .o.=..        |
[    9.911982] cloud-init[688]: |     .E.         |
[    9.912761] cloud-init[688]: +----[SHA256]-----+
[[0;32m  OK  [0m] Started Deferred execution scheduler.
         Starting Dispatcher daemon for systemd-networkd...
         Starting Permit User Sessions...
         Starting System Logging Service...
         Starting Virtualbox guest utils...
         Starting LSB: Record successful boot for GRUB...
         Starting Snap Daemon...
         Starting Pollinate to seed the pseudo random number generator...
         Starting LSB: automatic crash report generation...
         Starting Accounts Service...
[[0;32m  OK  [0m] Started System Logging Service.
[[0;32m  OK  [0m] Started LXD - container startup/shutdown.
[[0;32m  OK  [0m] Started Permit User Sessions.
[[0;32m  OK  [0m] Started Login Service.
[[0;32m  OK  [0m] Started Unattended Upgrades Shutdown.
         Starting Terminate Plymouth Boot Screen...
         Starting Hold until boot process finishes up...
[[0;32m  OK  [0m] Started Hold until boot process finishes up.
         Starting Set console scheme...
[[0;32m  OK  [0m] Started Serial Getty on ttyS0.
[[0;32m  OK  [0m] Started Terminate Plymouth Boot Screen.
[[0;32m  OK  [0m] Started Set console scheme.
[[0;32m  OK  [0m] Created slice system-getty.slice.
[[0;32m  OK  [0m] Started Getty on tty1.
[[0;32m  OK  [0m] Reached target Login Prompts.
         Starting Authorization Manager...
[[0;32m  OK  [0m] Started LSB: Record successful boot for GRUB.
[[0;32m  OK  [0m] Started LSB: automatic crash report generation.
[[0;32m  OK  [0m] Started Authorization Manager.
[[0;32m  OK  [0m] Started Accounts Service.
[[0;32m  OK  [0m] Started Virtualbox guest utils.
[[0;32m  OK  [0m] Started Dispatcher daemon for systemd-networkd.
[[0;32m  OK  [0m] Started Snap Daemon.
         Starting Wait until snapd is fully seeded...
[[0;32m  OK  [0m] Started Pollinate to seed the pseudo random number generator.
         Starting OpenBSD Secure Shell server...
[[0;32m  OK  [0m] Started OpenBSD Secure Shell server.
[[0;32m  OK  [0m] Created slice User Slice of vagrant.
         Starting User Manager for UID 1000...
[[0;32m  OK  [0m] Started Session 1 of user vagrant.
[[0;32m  OK  [0m] Started User Manager for UID 1000.
[[0;32m  OK  [0m] Started Wait until snapd is fully seeded.
[[0;32m  OK  [0m] Reached target Multi-User System.
[[0;32m  OK  [0m] Reached target Graphical Interface.
         Starting Update UTMP about System Runlevel Changes...
         Starting Apply the settings specified in cloud-config...
[[0;32m  OK  [0m] Started Update UTMP about System Runlevel Changes.
[   14.852963] cloud-init[1345]: Cloud-init v. 20.3-2-g371b392c-0ubuntu1~18.04.1 running 'modules:config' at Sat, 12 Dec 2020 05:32:20 +0000. Up 14.37 seconds.
[[0;32m  OK  [0m] Started Apply the settings specified in cloud-config.
         Starting Execute cloud user/final scripts...
ci-info: no authorized SSH keys fingerprints found for user ubuntu.
<14>Dec 12 05:32:21 ec2: 
<14>Dec 12 05:32:21 ec2: #############################################################
<14>Dec 12 05:32:21 ec2: -----BEGIN SSH HOST KEY FINGERPRINTS-----
<14>Dec 12 05:32:21 ec2: 1024 SHA256:+cyTjQtocHmg+kkFevJ9PhipZGYo2IS8d7NKaQ4DltA root@ubuntu-bionic (DSA)
<14>Dec 12 05:32:21 ec2: 256 SHA256:xYdCn382JiYi8hhkWTy0UIiBjsJud+WIltfKHrHQwCI root@ubuntu-bionic (ECDSA)
<14>Dec 12 05:32:21 ec2: 256 SHA256:lIuL9lHhNDwiI/wV0tXqirVBmLskTWFfFuyCLsz13uI root@ubuntu-bionic (ED25519)
<14>Dec 12 05:32:21 ec2: 2048 SHA256:GACLeKbu3EYT44Zef7B/wu818CzI/VObsLfpNBGN69E root@ubuntu-bionic (RSA)
<14>Dec 12 05:32:21 ec2: -----END SSH HOST KEY FINGERPRINTS-----
<14>Dec 12 05:32:21 ec2: #############################################################
-----BEGIN SSH HOST KEY KEYS-----
ecdsa-sha2-nistp256 AAAAE2VjZHNhLXNoYTItbmlzdHAyNTYAAAAIbmlzdHAyNTYAAABBBMDC3qA0jNOkJWQfL+6/2q+Dm/uCXpfOmoXB/9CXHX4txKWqxAysr1nRsTp7diWVNrqlICCaVXgIom4I/GD9my0= root@ubuntu-bionic
ssh-ed25519 AAAAC3NzaC1lZDI1NTE5AAAAIJDFUK4CuIxTccwGGQWQK4T9JLZVOg3/axH4IUw0ZcCF root@ubuntu-bionic
ssh-rsa AAAAB3NzaC1yc2EAAAADAQABAAABAQCykDi+gQ4E4iAFZFS8z86+DvSazGyA+zK0mnQoVFIgq3+K0IWqmupuhu5GbwJRXzMwcAxase1V9O3OTTuhSB5XsgJY5v7mojzRusnDXgCa2sx6QcbyVPUAXEcGWcPx7gSgbv7Z0fgOwZ2QKRvQB1sxiYik0whIcVzm4enooIzhJ1WRxWT9IVYJsXadMRXo43ZqsstZpMCOdv9wsA3Y/QtO48JX4IMRbC7mC6/IlEY7NyKJ35rfYBZEF+w0OPP3M7yftr6MVkG5eYhrGrlmt5wivohDRmKw+i/GBqofg7rXqnB3oXrPZOGOensrVRk2Xj1g2WoabuTgq9Kd7kP7WSBV root@ubuntu-bionic
-----END SSH HOST KEY KEYS-----
[   15.443500] cloud-init[1500]: Cloud-init v. 20.3-2-g371b392c-0ubuntu1~18.04.1 running 'modules:final' at Sat, 12 Dec 2020 05:32:21 +0000. Up 15.28 seconds.
[   15.443603] cloud-init[1500]: ci-info: no authorized SSH keys fingerprints found for user ubuntu.
[   15.443986] cloud-init[1500]: Cloud-init v. 20.3-2-g371b392c-0ubuntu1~18.04.1 finished at Sat, 12 Dec 2020 05:32:21 +0000. Datasource DataSourceNoCloud [seed=/dev/sdb][dsmode=net].  Up 15.43 seconds

Ubuntu 18.04.5 LTS ubuntu-bionic ttyS0

ubuntu-bionic login: 